c:\users\jacob\documents\github\assignmentfour\debug\vc141.pdb
c:\users\jacob\documents\github\assignmentfour\debug\vc141.idb
c:\users\jacob\documents\github\assignmentfour\debug\transactionhistory.obj
c:\users\jacob\documents\github\assignmentfour\debug\movie.obj
c:\users\jacob\documents\github\assignmentfour\debug\hashtable.obj
c:\users\jacob\documents\github\assignmentfour\debug\assignment4.obj
c:\users\jacob\documents\github\assignmentfour\debug\customer.obj
c:\users\jacob\documents\github\assignmentfour\debug\assignment4.pdb
c:\users\jacob\documents\github\assignmentfour\debug\assignment4.tlog\cl.command.1.tlog
c:\users\jacob\documents\github\assignmentfour\debug\assignment4.tlog\cl.read.1.tlog
c:\users\jacob\documents\github\assignmentfour\debug\assignment4.tlog\cl.write.1.tlog
c:\users\jacob\documents\github\assignmentfour\debug\assignment4.tlog\link.10900-cvtres.read.1.tlog
c:\users\jacob\documents\github\assignmentfour\debug\assignment4.tlog\link.10900-cvtres.write.1.tlog
c:\users\jacob\documents\github\assignmentfour\debug\assignment4.tlog\link.10900-rc.read.1.tlog
c:\users\jacob\documents\github\assignmentfour\debug\assignment4.tlog\link.10900-rc.write.1.tlog
c:\users\jacob\documents\github\assignmentfour\debug\assignment4.tlog\link.10900.read.1.tlog
c:\users\jacob\documents\github\assignmentfour\debug\assignment4.tlog\link.10900.write.1.tlog
c:\users\jacob\documents\github\assignmentfour\debug\assignment4.tlog\link.command.1.tlog
c:\users\jacob\documents\github\assignmentfour\debug\assignment4.tlog\link.read.1.tlog
c:\users\jacob\documents\github\assignmentfour\debug\assignment4.tlog\link.write.1.tlog
